d:\abrar\windows\ide\project\computershop\debug\vc141.pdb
d:\abrar\windows\ide\project\computershop\debug\vc141.idb
d:\abrar\windows\ide\project\computershop\debug\combobox.obj
d:\abrar\windows\ide\project\computershop\debug\textout.obj
d:\abrar\windows\ide\project\computershop\debug\images.res
d:\abrar\windows\ide\project\computershop\debug\mydialog.res
d:\abrar\windows\ide\project\computershop\debug\myreciept.res
d:\abrar\windows\ide\project\computershop\debug\computershop.pdb
d:\abrar\windows\ide\project\computershop\debug\computershop.tlog\cl.command.1.tlog
d:\abrar\windows\ide\project\computershop\debug\computershop.tlog\cl.read.1.tlog
d:\abrar\windows\ide\project\computershop\debug\computershop.tlog\cl.write.1.tlog
d:\abrar\windows\ide\project\computershop\debug\computershop.tlog\link-cvtres.read.1.tlog
d:\abrar\windows\ide\project\computershop\debug\computershop.tlog\link-cvtres.write.1.tlog
d:\abrar\windows\ide\project\computershop\debug\computershop.tlog\link-rc.read.1.tlog
d:\abrar\windows\ide\project\computershop\debug\computershop.tlog\link-rc.write.1.tlog
d:\abrar\windows\ide\project\computershop\debug\computershop.tlog\link.command.1.tlog
d:\abrar\windows\ide\project\computershop\debug\computershop.tlog\link.read.1.tlog
d:\abrar\windows\ide\project\computershop\debug\computershop.tlog\link.write.1.tlog
d:\abrar\windows\ide\project\computershop\debug\computershop.tlog\rc.command.1.tlog
d:\abrar\windows\ide\project\computershop\debug\computershop.tlog\rc.read.1.tlog
d:\abrar\windows\ide\project\computershop\debug\computershop.tlog\rc.write.1.tlog
